[0.685s] Invoking command in '/home/suke/toms_ws/src/cart_controller': PYTHONPATH=/home/suke/toms_ws/src/cart_controller/build/cart_controller/prefix_override:/home/suke/toms_ws/src/cart_controller/install/cart_controller/lib/python3.10/site-packages:${PYTHONPATH} /usr/bin/python3 setup.py egg_info --egg-base build/cart_controller build --build-base /home/suke/toms_ws/src/cart_controller/build/cart_controller/build install --record /home/suke/toms_ws/src/cart_controller/build/cart_controller/install.log --single-version-externally-managed
[0.953s] running egg_info
[0.954s] creating build/cart_controller/cart_controller.egg-info
[0.954s] writing build/cart_controller/cart_controller.egg-info/PKG-INFO
[0.954s] writing dependency_links to build/cart_controller/cart_controller.egg-info/dependency_links.txt
[0.954s] writing entry points to build/cart_controller/cart_controller.egg-info/entry_points.txt
[0.954s] writing requirements to build/cart_controller/cart_controller.egg-info/requires.txt
[0.954s] writing top-level names to build/cart_controller/cart_controller.egg-info/top_level.txt
[0.955s] writing manifest file 'build/cart_controller/cart_controller.egg-info/SOURCES.txt'
[0.956s] reading manifest file 'build/cart_controller/cart_controller.egg-info/SOURCES.txt'
[0.956s] adding license file 'LICENSE'
[0.957s] writing manifest file 'build/cart_controller/cart_controller.egg-info/SOURCES.txt'
[0.957s] running build
[0.957s] running build_py
[0.957s] creating /home/suke/toms_ws/src/cart_controller/build/cart_controller/build
[0.957s] creating /home/suke/toms_ws/src/cart_controller/build/cart_controller/build/lib
[0.958s] creating /home/suke/toms_ws/src/cart_controller/build/cart_controller/build/lib/cart_controller
[0.958s] copying cart_controller/controller_node.py -> /home/suke/toms_ws/src/cart_controller/build/cart_controller/build/lib/cart_controller
[0.958s] copying cart_controller/__init__.py -> /home/suke/toms_ws/src/cart_controller/build/cart_controller/build/lib/cart_controller
[0.958s] running install
[0.958s] running install_lib
[0.958s] creating /home/suke/toms_ws/src/cart_controller/install/cart_controller/lib/python3.10/site-packages/cart_controller
[0.958s] copying /home/suke/toms_ws/src/cart_controller/build/cart_controller/build/lib/cart_controller/controller_node.py -> /home/suke/toms_ws/src/cart_controller/install/cart_controller/lib/python3.10/site-packages/cart_controller
[0.958s] copying /home/suke/toms_ws/src/cart_controller/build/cart_controller/build/lib/cart_controller/__init__.py -> /home/suke/toms_ws/src/cart_controller/install/cart_controller/lib/python3.10/site-packages/cart_controller
[0.959s] byte-compiling /home/suke/toms_ws/src/cart_controller/install/cart_controller/lib/python3.10/site-packages/cart_controller/controller_node.py to controller_node.cpython-310.pyc
[0.960s] byte-compiling /home/suke/toms_ws/src/cart_controller/install/cart_controller/lib/python3.10/site-packages/cart_controller/__init__.py to __init__.cpython-310.pyc
[0.960s] running install_data
[0.960s] creating /home/suke/toms_ws/src/cart_controller/install/cart_controller/share/ament_index
[0.961s] creating /home/suke/toms_ws/src/cart_controller/install/cart_controller/share/ament_index/resource_index
[0.961s] creating /home/suke/toms_ws/src/cart_controller/install/cart_controller/share/ament_index/resource_index/packages
[0.961s] copying resource/cart_controller -> /home/suke/toms_ws/src/cart_controller/install/cart_controller/share/ament_index/resource_index/packages
[0.961s] copying package.xml -> /home/suke/toms_ws/src/cart_controller/install/cart_controller/share/cart_controller
[0.961s] running install_egg_info
[0.962s] Copying build/cart_controller/cart_controller.egg-info to /home/suke/toms_ws/src/cart_controller/install/cart_controller/lib/python3.10/site-packages/cart_controller-0.0.0-py3.10.egg-info
[0.963s] running install_scripts
[0.980s] Installing controller_node script to /home/suke/toms_ws/src/cart_controller/install/cart_controller/lib/cart_controller
[0.980s] writing list of installed files to '/home/suke/toms_ws/src/cart_controller/build/cart_controller/install.log'
[1.006s] Invoked command in '/home/suke/toms_ws/src/cart_controller' returned '0': PYTHONPATH=/home/suke/toms_ws/src/cart_controller/build/cart_controller/prefix_override:/home/suke/toms_ws/src/cart_controller/install/cart_controller/lib/python3.10/site-packages:${PYTHONPATH} /usr/bin/python3 setup.py egg_info --egg-base build/cart_controller build --build-base /home/suke/toms_ws/src/cart_controller/build/cart_controller/build install --record /home/suke/toms_ws/src/cart_controller/build/cart_controller/install.log --single-version-externally-managed
